c:\users\daniel\documents\github\practica3-tais\juegosreunidos\release\juegosreunidos.pch
c:\users\daniel\documents\github\practica3-tais\juegosreunidos\release\vc120.pdb
c:\users\daniel\documents\github\practica3-tais\juegosreunidos\release\stdafx.obj
c:\users\daniel\documents\github\practica3-tais\juegosreunidos\release\jugadoralea3enraya.obj
c:\users\daniel\documents\github\practica3-tais\juegosreunidos\release\juegologt2.obj
c:\users\daniel\documents\github\practica3-tais\juegosreunidos\release\juego3enraya.obj
c:\users\daniel\documents\github\practica3-tais\juegosreunidos\release\interfazgraft2.obj
c:\users\daniel\documents\github\practica3-tais\juegosreunidos\release\interfazgraf3enraya.obj
c:\users\daniel\documents\github\practica3-tais\juegosreunidos\release\juegosreunidos.obj
c:\users\daniel\documents\github\practica3-tais\juegosreunidos\release\assemblyinfo.obj
c:\users\daniel\documents\github\practica3-tais\juegosreunidos\release\.netframework,version=v4.5.assemblyattributes.obj
c:\users\daniel\documents\github\practica3-tais\juegosreunidos\release\juegoothello.obj
c:\users\daniel\documents\github\practica3-tais\juegosreunidos\release\interfazgrafothello.obj
c:\users\daniel\documents\github\practica3-tais\juegosreunidos\release\jugadoraleothello.obj
c:\users\daniel\documents\github\practica3-tais\juegosreunidos\release\juegosreunidos.form1.resources
c:\users\daniel\documents\github\practica3-tais\juegosreunidos\release\juegosreunidos.exe
c:\users\daniel\documents\github\practica3-tais\juegosreunidos\release\juegosreunidos.pdb
c:\users\daniel\documents\github\practica3-tais\juegosreunidos\release\app.res
c:\users\daniel\documents\github\practica3-tais\juegosreunidos\release\juegosreunidos.vcxproj.generateresource.cache
c:\users\daniel\documents\github\practica3-tais\juegosreunidos\release\juegosreunidos.vcxprojresolveassemblyreference.cache
c:\users\daniel\documents\github\practica3-tais\juegosreunidos\release\juegosreunidos.exe.metagen
c:\users\daniel\documents\github\practica3-tais\juegosreunidos\release\juegosreunidos.tlog\cl.command.1.tlog
c:\users\daniel\documents\github\practica3-tais\juegosreunidos\release\juegosreunidos.tlog\cl.read.1.tlog
c:\users\daniel\documents\github\practica3-tais\juegosreunidos\release\juegosreunidos.tlog\cl.write.1.tlog
c:\users\daniel\documents\github\practica3-tais\juegosreunidos\release\juegosreunidos.tlog\juegosreunidos.write.1u.tlog
c:\users\daniel\documents\github\practica3-tais\juegosreunidos\release\juegosreunidos.tlog\link-cvtres.read.1.tlog
c:\users\daniel\documents\github\practica3-tais\juegosreunidos\release\juegosreunidos.tlog\link-cvtres.write.1.tlog
c:\users\daniel\documents\github\practica3-tais\juegosreunidos\release\juegosreunidos.tlog\link-rc.read.1.tlog
c:\users\daniel\documents\github\practica3-tais\juegosreunidos\release\juegosreunidos.tlog\link-rc.write.1.tlog
c:\users\daniel\documents\github\practica3-tais\juegosreunidos\release\juegosreunidos.tlog\link.command.1.tlog
c:\users\daniel\documents\github\practica3-tais\juegosreunidos\release\juegosreunidos.tlog\link.read.1.tlog
c:\users\daniel\documents\github\practica3-tais\juegosreunidos\release\juegosreunidos.tlog\link.write.1.tlog
c:\users\daniel\documents\github\practica3-tais\juegosreunidos\release\juegosreunidos.tlog\metagen.read.1.tlog
c:\users\daniel\documents\github\practica3-tais\juegosreunidos\release\juegosreunidos.tlog\metagen.write.1.tlog
c:\users\daniel\documents\github\practica3-tais\juegosreunidos\release\juegosreunidos.tlog\rc.command.1.tlog
c:\users\daniel\documents\github\practica3-tais\juegosreunidos\release\juegosreunidos.tlog\rc.read.1.tlog
c:\users\daniel\documents\github\practica3-tais\juegosreunidos\release\juegosreunidos.tlog\rc.write.1.tlog
c:\users\daniel\documents\github\practica3-tais\juegosreunidos\release\juegosreunidos.tlog\tzres.dll.bi
