Compilación iniciada a las 12/01/2014 21:15:15.
     1>Proyecto "C:\Users\Daniel\Documents\GitHub\Practica3-TAIS\JuegosReunidos\JuegosReunidos.vcxproj" en el nodo 2 (Build destinos).
     1>ClCompile:
         C:\Program Files (x86)\Microsoft Visual Studio 12.0\VC\bin\CL.exe /c /Isrc /AI"C:\Program Files (x86)\Reference Assemblies\Microsoft\Framework\.NETFramework\v4.5\\" /AI"C:\Program Files (x86)\Windows Kits\8.1\References\CommonConfiguration\Neutral" /AI"C:\Program Files (x86)\Reference Assemblies\Microsoft\Framework\.NETFramework\v4.5\Facades\\" /Zi /clr /nologo /W3 /WX- /Od /Oy- /D WIN32 /D _DEBUG /D _UNICODE /D UNICODE /EHa /MDd /GS /fp:precise /Zc:wchar_t /Zc:forScope /Fo"Debug\\" /Fd"Debug\vc120.pdb" /TP /wd4290 /FU"C:\Program Files (x86)\Reference Assemblies\Microsoft\Framework\.NETFramework\v4.5\mscorlib.dll" /FU"C:\Program Files (x86)\Reference Assemblies\Microsoft\Framework\.NETFramework\v4.5\System.Data.dll" /FU"C:\Program Files (x86)\Reference Assemblies\Microsoft\Framework\.NETFramework\v4.5\System.dll" /FU"C:\Program Files (x86)\Reference Assemblies\Microsoft\Framework\.NETFramework\v4.5\System.Drawing.dll" /FU"C:\Program Files (x86)\Reference Assemblies\Microsoft\Framework\.NETFramework\v4.5\System.Windows.Forms.dll" /FU"C:\Program Files (x86)\Reference Assemblies\Microsoft\Framework\.NETFramework\v4.5\System.Xml.dll" /analyze- /errorReport:prompt /clr:nostdlib JuegosReunidos.cpp
         JuegosReunidos.cpp
     1>c:\users\daniel\documents\github\practica3-tais\juegosreunidos\Form1.h(41): error C3280: 'JuegosReunidos::Form1::Form1' : una función miembro de un tipo administrado no puede compilarse como una función no administrada
     1>c:\users\daniel\documents\github\practica3-tais\juegosreunidos\Form1.h(41): error C3642: 'System::Windows::Forms::Form::Form(void)' : no se puede llamar a una función con la convención de llamada __clrcall desde código nativo
     1>c:\users\daniel\documents\github\practica3-tais\juegosreunidos\Form1.h(41): error C3175: 'System::Windows::Forms::Form::Form' : no se puede llamar un método de un tipo administrado desde la función no administrada 'JuegosReunidos::Form1::Form1'
     1>c:\users\daniel\documents\github\practica3-tais\juegosreunidos\Form1.h(41): error C3821: 'System::Windows::Forms::Form::Dispose': una función o tipo administrado no se puede utilizar en una función no administrada
     1>c:\users\daniel\documents\github\practica3-tais\juegosreunidos\Form1.h(41): error C3642: 'void System::Windows::Forms::Form::Dispose(bool)' : no se puede llamar a una función con la convención de llamada __clrcall desde código nativo
     1>c:\users\daniel\documents\github\practica3-tais\juegosreunidos\Form1.h(41): error C3175: 'System::Windows::Forms::Form::Dispose' : no se puede llamar un método de un tipo administrado desde la función no administrada 'JuegosReunidos::Form1::Form1'
     1>c:\users\daniel\documents\github\practica3-tais\juegosreunidos\Form1.h(43): error C3821: 'JuegosReunidos::Form1::InitializeComponent': una función o tipo administrado no se puede utilizar en una función no administrada
     1>c:\users\daniel\documents\github\practica3-tais\juegosreunidos\Form1.h(43): error C3642: 'void JuegosReunidos::Form1::InitializeComponent(void)' : no se puede llamar a una función con la convención de llamada __clrcall desde código nativo
     1>c:\users\daniel\documents\github\practica3-tais\juegosreunidos\Form1.h(43): error C3175: 'JuegosReunidos::Form1::InitializeComponent' : no se puede llamar un método de un tipo administrado desde la función no administrada 'JuegosReunidos::Form1::Form1'
     1>c:\users\daniel\documents\github\practica3-tais\juegosreunidos\Form1.h(45): error C3821: 'JuegosReunidos::Form1::iniciar': una función o tipo administrado no se puede utilizar en una función no administrada
     1>c:\users\daniel\documents\github\practica3-tais\juegosreunidos\Form1.h(45): error C3642: 'void JuegosReunidos::Form1::iniciar(void)' : no se puede llamar a una función con la convención de llamada __clrcall desde código nativo
     1>c:\users\daniel\documents\github\practica3-tais\juegosreunidos\Form1.h(45): error C3175: 'JuegosReunidos::Form1::iniciar' : no se puede llamar un método de un tipo administrado desde la función no administrada 'JuegosReunidos::Form1::Form1'
     1>c:\users\daniel\documents\github\practica3-tais\juegosreunidos\Form1.h(46): error C3821: 'JuegosReunidos::Form1::Form1(void)': una función o tipo administrado no se puede utilizar en una función no administrada
     1>c:\users\daniel\documents\github\practica3-tais\juegosreunidos\Form1.h(41): error C3645: 'JuegosReunidos::Form1::Form1' : no se puede utilizar __clrcall en funciones compiladas para código nativo
     1>c:\users\daniel\documents\github\practica3-tais\juegosreunidos\Form1.h(53): error C3280: 'JuegosReunidos::Form1::~Form1' : una función miembro de un tipo administrado no puede compilarse como una función no administrada
     1>c:\users\daniel\documents\github\practica3-tais\juegosreunidos\Form1.h(54): error C3821: 'JuegosReunidos::Form1::components': una función o tipo administrado no se puede utilizar en una función no administrada
     1>c:\users\daniel\documents\github\practica3-tais\juegosreunidos\Form1.h(54): error C3821: 'System::IDisposable::Dispose': una función o tipo administrado no se puede utilizar en una función no administrada
     1>c:\users\daniel\documents\github\practica3-tais\juegosreunidos\Form1.h(54): error C3642: 'void System::IDisposable::Dispose(void)' : no se puede llamar a una función con la convención de llamada __clrcall desde código nativo
     1>c:\users\daniel\documents\github\practica3-tais\juegosreunidos\Form1.h(54): error C3175: 'System::IDisposable::Dispose' : no se puede llamar un método de un tipo administrado desde la función no administrada 'JuegosReunidos::Form1::~Form1'
     1>c:\users\daniel\documents\github\practica3-tais\juegosreunidos\Form1.h(56): error C3821: 'JuegosReunidos::Form1::liberar': una función o tipo administrado no se puede utilizar en una función no administrada
     1>c:\users\daniel\documents\github\practica3-tais\juegosreunidos\Form1.h(56): error C3642: 'void JuegosReunidos::Form1::liberar(void)' : no se puede llamar a una función con la convención de llamada __clrcall desde código nativo
     1>c:\users\daniel\documents\github\practica3-tais\juegosreunidos\Form1.h(56): error C3175: 'JuegosReunidos::Form1::liberar' : no se puede llamar un método de un tipo administrado desde la función no administrada 'JuegosReunidos::Form1::~Form1'
     1>c:\users\daniel\documents\github\practica3-tais\juegosreunidos\Form1.h(57): error C3821: 'JuegosReunidos::Form1::~Form1(void)': una función o tipo administrado no se puede utilizar en una función no administrada
     1>c:\users\daniel\documents\github\practica3-tais\juegosreunidos\Form1.h(52): error C3645: 'JuegosReunidos::Form1::~Form1' : no se puede utilizar __clrcall en funciones compiladas para código nativo
     1>c:\users\daniel\documents\github\practica3-tais\juegosreunidos\Form1.h(92): error C3280: 'JuegosReunidos::Form1::iniciar' : una función miembro de un tipo administrado no puede compilarse como una función no administrada
     1>c:\users\daniel\documents\github\practica3-tais\juegosreunidos\Form1.h(105): error C3821: 'JuegosReunidos::Form1::Tablero': una función o tipo administrado no se puede utilizar en una función no administrada
     1>c:\users\daniel\documents\github\practica3-tais\juegosreunidos\Form1.h(105): error C2039: 'get' : no es un miembro de 'System::Windows::Forms::Control::Width'
                 c:\users\daniel\documents\github\practica3-tais\juegosreunidos\Form1.h(39) : vea la declaración de 'System::Windows::Forms::Control::Width'
     1>c:\users\daniel\documents\github\practica3-tais\juegosreunidos\Form1.h(105): error C2039: 'get' : no es un miembro de 'System::Windows::Forms::Control::Height'
                 c:\users\daniel\documents\github\practica3-tais\juegosreunidos\Form1.h(39) : vea la declaración de 'System::Windows::Forms::Control::Height'
     1>c:\users\daniel\documents\github\practica3-tais\juegosreunidos\Form1.h(105): error C2512: 'InterfazGrafOthello' : no hay disponible un constructor predeterminado adecuado
     1>c:\users\daniel\documents\github\practica3-tais\juegosreunidos\Form1.h(110): error C3821: 'void JuegosReunidos::Form1::iniciar(void)': una función o tipo administrado no se puede utilizar en una función no administrada
     1>c:\users\daniel\documents\github\practica3-tais\juegosreunidos\Form1.h(92): error C3645: 'JuegosReunidos::Form1::iniciar' : no se puede utilizar __clrcall en funciones compiladas para código nativo
     1>c:\users\daniel\documents\github\practica3-tais\juegosreunidos\Form1.h(112): error C3280: 'JuegosReunidos::Form1::liberar' : una función miembro de un tipo administrado no puede compilarse como una función no administrada
     1>c:\users\daniel\documents\github\practica3-tais\juegosreunidos\Form1.h(116): error C3821: 'void JuegosReunidos::Form1::liberar(void)': una función o tipo administrado no se puede utilizar en una función no administrada
     1>c:\users\daniel\documents\github\practica3-tais\juegosreunidos\Form1.h(112): error C3645: 'JuegosReunidos::Form1::liberar' : no se puede utilizar __clrcall en funciones compiladas para código nativo
     1>c:\users\daniel\documents\github\practica3-tais\juegosreunidos\Form1.h(124): error C3280: 'JuegosReunidos::Form1::InitializeComponent' : una función miembro de un tipo administrado no puede compilarse como una función no administrada
     1>c:\users\daniel\documents\github\practica3-tais\juegosreunidos\Form1.h(125): error C3821: 'JuegosReunidos::Form1::Tablero': una función o tipo administrado no se puede utilizar en una función no administrada
     1>c:\users\daniel\documents\github\practica3-tais\juegosreunidos\Form1.h(125): error C3821: 'System::Windows::Forms::PictureBox': una función o tipo administrado no se puede utilizar en una función no administrada
     1>c:\users\daniel\documents\github\practica3-tais\juegosreunidos\Form1.h(125): error C3642: 'System::Windows::Forms::PictureBox::PictureBox(void)' : no se puede llamar a una función con la convención de llamada __clrcall desde código nativo
     1>c:\users\daniel\documents\github\practica3-tais\juegosreunidos\Form1.h(125): error C3175: 'System::Windows::Forms::PictureBox::PictureBox' : no se puede llamar un método de un tipo administrado desde la función no administrada 'JuegosReunidos::Form1::InitializeComponent'
     1>c:\users\daniel\documents\github\practica3-tais\juegosreunidos\Form1.h(126): error C3821: 'JuegosReunidos::Form1::Menu': una función o tipo administrado no se puede utilizar en una función no administrada
     1>c:\users\daniel\documents\github\practica3-tais\juegosreunidos\Form1.h(126): error C3821: 'System::Windows::Forms::MenuStrip': una función o tipo administrado no se puede utilizar en una función no administrada
     1>c:\users\daniel\documents\github\practica3-tais\juegosreunidos\Form1.h(126): error C3642: 'System::Windows::Forms::MenuStrip::MenuStrip(void)' : no se puede llamar a una función con la convención de llamada __clrcall desde código nativo
     1>c:\users\daniel\documents\github\practica3-tais\juegosreunidos\Form1.h(126): error C3175: 'System::Windows::Forms::MenuStrip::MenuStrip' : no se puede llamar un método de un tipo administrado desde la función no administrada 'JuegosReunidos::Form1::InitializeComponent'
     1>c:\users\daniel\documents\github\practica3-tais\juegosreunidos\Form1.h(127): error C3821: 'JuegosReunidos::Form1::juegoToolStripMenuItem': una función o tipo administrado no se puede utilizar en una función no administrada
     1>c:\users\daniel\documents\github\practica3-tais\juegosreunidos\Form1.h(127): error C3821: 'System::Windows::Forms::ToolStripMenuItem': una función o tipo administrado no se puede utilizar en una función no administrada
     1>c:\users\daniel\documents\github\practica3-tais\juegosreunidos\Form1.h(127): error C3642: 'System::Windows::Forms::ToolStripMenuItem::ToolStripMenuItem(void)' : no se puede llamar a una función con la convención de llamada __clrcall desde código nativo
     1>c:\users\daniel\documents\github\practica3-tais\juegosreunidos\Form1.h(127): error C3175: 'System::Windows::Forms::ToolStripMenuItem::ToolStripMenuItem' : no se puede llamar un método de un tipo administrado desde la función no administrada 'JuegosReunidos::Form1::InitializeComponent'
     1>c:\users\daniel\documents\github\practica3-tais\juegosreunidos\Form1.h(128): error C3821: 'JuegosReunidos::Form1::tresEnRayaToolStripMenuItem': una función o tipo administrado no se puede utilizar en una función no administrada
     1>c:\users\daniel\documents\github\practica3-tais\juegosreunidos\Form1.h(128): error C3821: 'System::Windows::Forms::ToolStripMenuItem': una función o tipo administrado no se puede utilizar en una función no administrada
     1>c:\users\daniel\documents\github\practica3-tais\juegosreunidos\Form1.h(128): error C3642: 'System::Windows::Forms::ToolStripMenuItem::ToolStripMenuItem(void)' : no se puede llamar a una función con la convención de llamada __clrcall desde código nativo
     1>c:\users\daniel\documents\github\practica3-tais\juegosreunidos\Form1.h(128): error C3175: 'System::Windows::Forms::ToolStripMenuItem::ToolStripMenuItem' : no se puede llamar un método de un tipo administrado desde la función no administrada 'JuegosReunidos::Form1::InitializeComponent'
     1>c:\users\daniel\documents\github\practica3-tais\juegosreunidos\Form1.h(129): error C3821: 'JuegosReunidos::Form1::conecta4ToolStripMenuItem': una función o tipo administrado no se puede utilizar en una función no administrada
     1>c:\users\daniel\documents\github\practica3-tais\juegosreunidos\Form1.h(129): error C3821: 'System::Windows::Forms::ToolStripMenuItem': una función o tipo administrado no se puede utilizar en una función no administrada
     1>c:\users\daniel\documents\github\practica3-tais\juegosreunidos\Form1.h(129): error C3642: 'System::Windows::Forms::ToolStripMenuItem::ToolStripMenuItem(void)' : no se puede llamar a una función con la convención de llamada __clrcall desde código nativo
     1>c:\users\daniel\documents\github\practica3-tais\juegosreunidos\Form1.h(129): error C3175: 'System::Windows::Forms::ToolStripMenuItem::ToolStripMenuItem' : no se puede llamar un método de un tipo administrado desde la función no administrada 'JuegosReunidos::Form1::InitializeComponent'
     1>c:\users\daniel\documents\github\practica3-tais\juegosreunidos\Form1.h(130): error C3821: 'JuegosReunidos::Form1::oteloToolStripMenuItem': una función o tipo administrado no se puede utilizar en una función no administrada
     1>c:\users\daniel\documents\github\practica3-tais\juegosreunidos\Form1.h(130): error C3821: 'System::Windows::Forms::ToolStripMenuItem': una función o tipo administrado no se puede utilizar en una función no administrada
     1>c:\users\daniel\documents\github\practica3-tais\juegosreunidos\Form1.h(130): error C3642: 'System::Windows::Forms::ToolStripMenuItem::ToolStripMenuItem(void)' : no se puede llamar a una función con la convención de llamada __clrcall desde código nativo
     1>c:\users\daniel\documents\github\practica3-tais\juegosreunidos\Form1.h(130): error C3175: 'System::Windows::Forms::ToolStripMenuItem::ToolStripMenuItem' : no se puede llamar un método de un tipo administrado desde la función no administrada 'JuegosReunidos::Form1::InitializeComponent'
     1>c:\users\daniel\documents\github\practica3-tais\juegosreunidos\Form1.h(131): error C3821: 'JuegosReunidos::Form1::jugadorToolStripMenuItem': una función o tipo administrado no se puede utilizar en una función no administrada
     1>c:\users\daniel\documents\github\practica3-tais\juegosreunidos\Form1.h(131): error C3821: 'System::Windows::Forms::ToolStripMenuItem': una función o tipo administrado no se puede utilizar en una función no administrada
     1>c:\users\daniel\documents\github\practica3-tais\juegosreunidos\Form1.h(131): error C3642: 'System::Windows::Forms::ToolStripMenuItem::ToolStripMenuItem(void)' : no se puede llamar a una función con la convención de llamada __clrcall desde código nativo
     1>c:\users\daniel\documents\github\practica3-tais\juegosreunidos\Form1.h(131): error C3175: 'System::Windows::Forms::ToolStripMenuItem::ToolStripMenuItem' : no se puede llamar un método de un tipo administrado desde la función no administrada 'JuegosReunidos::Form1::InitializeComponent'
     1>c:\users\daniel\documents\github\practica3-tais\juegosreunidos\Form1.h(132): error C3821: 'JuegosReunidos::Form1::aleatorioToolStripMenuItem': una función o tipo administrado no se puede utilizar en una función no administrada
     1>c:\users\daniel\documents\github\practica3-tais\juegosreunidos\Form1.h(132): error C3821: 'System::Windows::Forms::ToolStripMenuItem': una función o tipo administrado no se puede utilizar en una función no administrada
     1>c:\users\daniel\documents\github\practica3-tais\juegosreunidos\Form1.h(132): error C3642: 'System::Windows::Forms::ToolStripMenuItem::ToolStripMenuItem(void)' : no se puede llamar a una función con la convención de llamada __clrcall desde código nativo
     1>c:\users\daniel\documents\github\practica3-tais\juegosreunidos\Form1.h(132): error C3175: 'System::Windows::Forms::ToolStripMenuItem::ToolStripMenuItem' : no se puede llamar un método de un tipo administrado desde la función no administrada 'JuegosReunidos::Form1::InitializeComponent'
     1>c:\users\daniel\documents\github\practica3-tais\juegosreunidos\Form1.h(133): error C3821: 'JuegosReunidos::Form1::inteligenteToolStripMenuItem': una función o tipo administrado no se puede utilizar en una función no administrada
     1>c:\users\daniel\documents\github\practica3-tais\juegosreunidos\Form1.h(133): error C3821: 'System::Windows::Forms::ToolStripMenuItem': una función o tipo administrado no se puede utilizar en una función no administrada
     1>c:\users\daniel\documents\github\practica3-tais\juegosreunidos\Form1.h(133): error C3642: 'System::Windows::Forms::ToolStripMenuItem::ToolStripMenuItem(void)' : no se puede llamar a una función con la convención de llamada __clrcall desde código nativo
     1>c:\users\daniel\documents\github\practica3-tais\juegosreunidos\Form1.h(133): error C3175: 'System::Windows::Forms::ToolStripMenuItem::ToolStripMenuItem' : no se puede llamar un método de un tipo administrado desde la función no administrada 'JuegosReunidos::Form1::InitializeComponent'
     1>c:\users\daniel\documents\github\practica3-tais\juegosreunidos\Form1.h(134): error C3821: 'JuegosReunidos::Form1::altoToolStripMenuItem': una función o tipo administrado no se puede utilizar en una función no administrada
     1>c:\users\daniel\documents\github\practica3-tais\juegosreunidos\Form1.h(134): error C3821: 'System::Windows::Forms::ToolStripMenuItem': una función o tipo administrado no se puede utilizar en una función no administrada
     1>c:\users\daniel\documents\github\practica3-tais\juegosreunidos\Form1.h(134): error C3642: 'System::Windows::Forms::ToolStripMenuItem::ToolStripMenuItem(void)' : no se puede llamar a una función con la convención de llamada __clrcall desde código nativo
     1>c:\users\daniel\documents\github\practica3-tais\juegosreunidos\Form1.h(134): error C3175: 'System::Windows::Forms::ToolStripMenuItem::ToolStripMenuItem' : no se puede llamar un método de un tipo administrado desde la función no administrada 'JuegosReunidos::Form1::InitializeComponent'
     1>c:\users\daniel\documents\github\practica3-tais\juegosreunidos\Form1.h(135): error C3821: 'JuegosReunidos::Form1::medioToolStripMenuItem': una función o tipo administrado no se puede utilizar en una función no administrada
     1>c:\users\daniel\documents\github\practica3-tais\juegosreunidos\Form1.h(135): error C3821: 'System::Windows::Forms::ToolStripMenuItem': una función o tipo administrado no se puede utilizar en una función no administrada
     1>c:\users\daniel\documents\github\practica3-tais\juegosreunidos\Form1.h(135): error C3642: 'System::Windows::Forms::ToolStripMenuItem::ToolStripMenuItem(void)' : no se puede llamar a una función con la convención de llamada __clrcall desde código nativo
     1>c:\users\daniel\documents\github\practica3-tais\juegosreunidos\Form1.h(135): error C3175: 'System::Windows::Forms::ToolStripMenuItem::ToolStripMenuItem' : no se puede llamar un método de un tipo administrado desde la función no administrada 'JuegosReunidos::Form1::InitializeComponent'
     1>c:\users\daniel\documents\github\practica3-tais\juegosreunidos\Form1.h(136): error C3821: 'JuegosReunidos::Form1::bajoToolStripMenuItem': una función o tipo administrado no se puede utilizar en una función no administrada
     1>c:\users\daniel\documents\github\practica3-tais\juegosreunidos\Form1.h(136): error C3821: 'System::Windows::Forms::ToolStripMenuItem': una función o tipo administrado no se puede utilizar en una función no administrada
     1>c:\users\daniel\documents\github\practica3-tais\juegosreunidos\Form1.h(136): error C3642: 'System::Windows::Forms::ToolStripMenuItem::ToolStripMenuItem(void)' : no se puede llamar a una función con la convención de llamada __clrcall desde código nativo
     1>c:\users\daniel\documents\github\practica3-tais\juegosreunidos\Form1.h(136): error C3175: 'System::Windows::Forms::ToolStripMenuItem::ToolStripMenuItem' : no se puede llamar un método de un tipo administrado desde la función no administrada 'JuegosReunidos::Form1::InitializeComponent'
     1>c:\users\daniel\documents\github\practica3-tais\juegosreunidos\Form1.h(137): error C3821: 'JuegosReunidos::Form1::partidaToolStripMenuItem': una función o tipo administrado no se puede utilizar en una función no administrada
     1>c:\users\daniel\documents\github\practica3-tais\juegosreunidos\Form1.h(137): error C3821: 'System::Windows::Forms::ToolStripMenuItem': una función o tipo administrado no se puede utilizar en una función no administrada
     1>c:\users\daniel\documents\github\practica3-tais\juegosreunidos\Form1.h(137): error C3642: 'System::Windows::Forms::ToolStripMenuItem::ToolStripMenuItem(void)' : no se puede llamar a una función con la convención de llamada __clrcall desde código nativo
     1>c:\users\daniel\documents\github\practica3-tais\juegosreunidos\Form1.h(137): error C3175: 'System::Windows::Forms::ToolStripMenuItem::ToolStripMenuItem' : no se puede llamar un método de un tipo administrado desde la función no administrada 'JuegosReunidos::Form1::InitializeComponent'
     1>c:\users\daniel\documents\github\practica3-tais\juegosreunidos\Form1.h(138): error C3821: 'JuegosReunidos::Form1::usuarioToolStripMenuItem': una función o tipo administrado no se puede utilizar en una función no administrada
     1>c:\users\daniel\documents\github\practica3-tais\juegosreunidos\Form1.h(138): error C3821: 'System::Windows::Forms::ToolStripMenuItem': una función o tipo administrado no se puede utilizar en una función no administrada
     1>c:\users\daniel\documents\github\practica3-tais\juegosreunidos\Form1.h(138): error C3642: 'System::Windows::Forms::ToolStripMenuItem::ToolStripMenuItem(void)' : no se puede llamar a una función con la convención de llamada __clrcall desde código nativo
     1>c:\users\daniel\documents\github\practica3-tais\juegosreunidos\Form1.h(138): error C3175: 'System::Windows::Forms::ToolStripMenuItem::ToolStripMenuItem' : no se puede llamar un método de un tipo administrado desde la función no administrada 'JuegosReunidos::Form1::InitializeComponent'
     1>c:\users\daniel\documents\github\practica3-tais\juegosreunidos\Form1.h(139): error C3821: 'JuegosReunidos::Form1::ordenadorToolStripMenuItem': una función o tipo administrado no se puede utilizar en una función no administrada
     1>c:\users\daniel\documents\github\practica3-tais\juegosreunidos\Form1.h(139): error C3821: 'System::Windows::Forms::ToolStripMenuItem': una función o tipo administrado no se puede utilizar en una función no administrada
     1>c:\users\daniel\documents\github\practica3-tais\juegosreunidos\Form1.h(139): error C3642: 'System::Windows::Forms::ToolStripMenuItem::ToolStripMenuItem(void)' : no se puede llamar a una función con la convención de llamada __clrcall desde código nativo
     1>c:\users\daniel\documents\github\practica3-tais\juegosreunidos\Form1.h(139): error C3175: 'System::Windows::Forms::ToolStripMenuItem::ToolStripMenuItem' : no se puede llamar un método de un tipo administrado desde la función no administrada 'JuegosReunidos::Form1::InitializeComponent'
     1>c:\users\daniel\documents\github\practica3-tais\juegosreunidos\Form1.h(140): error C3821: 'JuegosReunidos::Form1::salirToolStripMenuItem': una función o tipo administrado no se puede utilizar en una función no administrada
     1>c:\users\daniel\documents\github\practica3-tais\juegosreunidos\Form1.h(140): error C3821: 'System::Windows::Forms::ToolStripMenuItem': una función o tipo administrado no se puede utilizar en una función no administrada
     1>c:\users\daniel\documents\github\practica3-tais\juegosreunidos\Form1.h(140): error C3642: 'System::Windows::Forms::ToolStripMenuItem::ToolStripMenuItem(void)' : no se puede llamar a una función con la convención de llamada __clrcall desde código nativo
     1>c:\users\daniel\documents\github\practica3-tais\juegosreunidos\Form1.h(140): error C3175: 'System::Windows::Forms::ToolStripMenuItem::ToolStripMenuItem' : no se puede llamar un método de un tipo administrado desde la función no administrada 'JuegosReunidos::Form1::InitializeComponent'
     1>c:\users\daniel\documents\github\practica3-tais\juegosreunidos\Form1.h(141): error C3821: 'JuegosReunidos::Form1::Tablero': una función o tipo administrado no se puede utilizar en una función no administrada
     1>c:\users\daniel\documents\github\practica3-tais\juegosreunidos\Form1.h(141): error C3821: 'System::ComponentModel::ISupportInitialize::BeginInit': una función o tipo administrado no se puede utilizar en una función no administrada
     1>c:\users\daniel\documents\github\practica3-tais\juegosreunidos\Form1.h(141): fatal error C1003: el recuento de errores supera 100; se detiene la compilación
     1>Compilación del proyecto terminada "C:\Users\Daniel\Documents\GitHub\Practica3-TAIS\JuegosReunidos\JuegosReunidos.vcxproj" (Build destinos) -- ERROR.

ERROR al compilar.

Tiempo transcurrido 00:00:00.89
