C:\VISUALSTUDIO\PRACTICA\JUEGOSREUNIDOS\DEBUG\.NETFRAMEWORK,VERSION=V4.0.ASSEMBLYATTRIBUTES.OBJ
C:\VISUALSTUDIO\PRACTICA\JUEGOSREUNIDOS\DEBUG\APP.RES
C:\VISUALSTUDIO\PRACTICA\JUEGOSREUNIDOS\DEBUG\ASSEMBLYINFO.OBJ
C:\VisualStudio\PRACTICA\JuegosReunidos\Debug\cl.command.1.tlog
C:\VisualStudio\PRACTICA\JuegosReunidos\Debug\CL.read.1.tlog
C:\VisualStudio\PRACTICA\JuegosReunidos\Debug\CL.write.1.tlog
C:\VisualStudio\PRACTICA\JuegosReunidos\Debug\GenerateResource.read.1.tlog
C:\VisualStudio\PRACTICA\JuegosReunidos\Debug\GenerateResource.write.1.tlog
C:\VISUALSTUDIO\PRACTICA\JUEGOSREUNIDOS\DEBUG\INTERFAZGRAF3ENRAYA.OBJ
C:\VISUALSTUDIO\PRACTICA\JUEGOSREUNIDOS\DEBUG\INTERFAZGRAFT2.OBJ
C:\VISUALSTUDIO\PRACTICA\JUEGOSREUNIDOS\DEBUG\JUEGO3ENRAYA.OBJ
C:\VISUALSTUDIO\PRACTICA\JUEGOSREUNIDOS\DEBUG\JUEGOLOGT2.OBJ
C:\VISUALSTUDIO\PRACTICA\JUEGOSREUNIDOS\DEBUG\JUEGOSREUNIDOS.EXE
C:\VISUALSTUDIO\PRACTICA\JUEGOSREUNIDOS\DEBUG\JUEGOSREUNIDOS.EXE.INTERMEDIATE.MANIFEST
C:\VISUALSTUDIO\PRACTICA\JUEGOSREUNIDOS\DEBUG\JUEGOSREUNIDOS.FORM1.RESOURCES
C:\VISUALSTUDIO\PRACTICA\JUEGOSREUNIDOS\DEBUG\JUEGOSREUNIDOS.ILK
C:\VISUALSTUDIO\PRACTICA\JUEGOSREUNIDOS\DEBUG\JUEGOSREUNIDOS.OBJ
C:\VISUALSTUDIO\PRACTICA\JUEGOSREUNIDOS\DEBUG\JUEGOSREUNIDOS.PCH
C:\VISUALSTUDIO\PRACTICA\JUEGOSREUNIDOS\DEBUG\JUEGOSREUNIDOS.PDB
C:\VisualStudio\PRACTICA\JuegosReunidos\Debug\JuegosReunidos.write.1.tlog
C:\VISUALSTUDIO\PRACTICA\JUEGOSREUNIDOS\DEBUG\JUGADORALEA3ENRAYA.OBJ
C:\VisualStudio\PRACTICA\JuegosReunidos\Debug\link.2128.read.1.tlog
C:\VisualStudio\PRACTICA\JuegosReunidos\Debug\link.2128.write.1.tlog
C:\VisualStudio\PRACTICA\JuegosReunidos\Debug\link.2128-cvtres.read.1.tlog
C:\VisualStudio\PRACTICA\JuegosReunidos\Debug\link.2128-cvtres.write.1.tlog
C:\VisualStudio\PRACTICA\JuegosReunidos\Debug\link.2300.read.1.tlog
C:\VisualStudio\PRACTICA\JuegosReunidos\Debug\link.2300.write.1.tlog
C:\VisualStudio\PRACTICA\JuegosReunidos\Debug\link.2300-cvtres.read.1.tlog
C:\VisualStudio\PRACTICA\JuegosReunidos\Debug\link.2300-cvtres.write.1.tlog
C:\VisualStudio\PRACTICA\JuegosReunidos\Debug\link.2700.read.1.tlog
C:\VisualStudio\PRACTICA\JuegosReunidos\Debug\link.2700.write.1.tlog
C:\VisualStudio\PRACTICA\JuegosReunidos\Debug\link.2700-cvtres.read.1.tlog
C:\VisualStudio\PRACTICA\JuegosReunidos\Debug\link.2700-cvtres.write.1.tlog
C:\VisualStudio\PRACTICA\JuegosReunidos\Debug\link.3284.read.1.tlog
C:\VisualStudio\PRACTICA\JuegosReunidos\Debug\link.3284.write.1.tlog
C:\VisualStudio\PRACTICA\JuegosReunidos\Debug\link.3284-cvtres.read.1.tlog
C:\VisualStudio\PRACTICA\JuegosReunidos\Debug\link.3284-cvtres.write.1.tlog
C:\VisualStudio\PRACTICA\JuegosReunidos\Debug\link.3396.read.1.tlog
C:\VisualStudio\PRACTICA\JuegosReunidos\Debug\link.3396.write.1.tlog
C:\VisualStudio\PRACTICA\JuegosReunidos\Debug\link.3396-cvtres.read.1.tlog
C:\VisualStudio\PRACTICA\JuegosReunidos\Debug\link.3396-cvtres.write.1.tlog
C:\VisualStudio\PRACTICA\JuegosReunidos\Debug\link.4092.read.1.tlog
C:\VisualStudio\PRACTICA\JuegosReunidos\Debug\link.4092.write.1.tlog
C:\VisualStudio\PRACTICA\JuegosReunidos\Debug\link.4092-cvtres.read.1.tlog
C:\VisualStudio\PRACTICA\JuegosReunidos\Debug\link.4092-cvtres.write.1.tlog
C:\VisualStudio\PRACTICA\JuegosReunidos\Debug\link.command.1.tlog
C:\VisualStudio\PRACTICA\JuegosReunidos\Debug\link.read.1.tlog
C:\VisualStudio\PRACTICA\JuegosReunidos\Debug\link.write.1.tlog
C:\VisualStudio\PRACTICA\JuegosReunidos\Debug\mt.command.1.tlog
C:\VisualStudio\PRACTICA\JuegosReunidos\Debug\mt.read.1.tlog
C:\VisualStudio\PRACTICA\JuegosReunidos\Debug\mt.write.1.tlog
C:\VisualStudio\PRACTICA\JuegosReunidos\Debug\rc.command.1.tlog
C:\VisualStudio\PRACTICA\JuegosReunidos\Debug\rc.read.1.tlog
C:\VisualStudio\PRACTICA\JuegosReunidos\Debug\rc.write.1.tlog
C:\VISUALSTUDIO\PRACTICA\JUEGOSREUNIDOS\DEBUG\STDAFX.OBJ
C:\VISUALSTUDIO\PRACTICA\JUEGOSREUNIDOS\DEBUG\VC100.PDB
